Line 217: Class MediaPlayerCtl.MediaPlayer of control mm was not a loaded control class.
Line 224: The property name AudioStream in mm is invalid.
Line 226: The property name AutoStart in mm is invalid.
Line 227: The property name AnimationAtStart in mm is invalid.
Line 228: The property name AllowScan in mm is invalid.
Line 229: The property name AllowChangeDisplaySize in mm is invalid.
Line 230: The property name AutoRewind in mm is invalid.
Line 231: The property name Balance in mm is invalid.
Line 232: The property name BaseURL in mm is invalid.
Line 233: The property name BufferingTime in mm is invalid.
Line 234: The property name CaptioningID in mm is invalid.
Line 235: The property name ClickToPlay in mm is invalid.
Line 236: The property name CursorType in mm is invalid.
Line 237: The property name CurrentPosition in mm is invalid.
Line 238: The property name CurrentMarker in mm is invalid.
Line 239: The property name DefaultFrame in mm is invalid.
Line 240: The property name DisplayBackColor in mm is invalid.
Line 241: The property name DisplayForeColor in mm is invalid.
Line 242: The property name DisplayMode in mm is invalid.
Line 243: The property name DisplaySize in mm is invalid.
Line 245: The property name EnableContextMenu in mm is invalid.
Line 246: The property name EnablePositionControls in mm is invalid.
Line 247: The property name EnableFullScreenControls in mm is invalid.
Line 248: The property name EnableTracker in mm is invalid.
Line 249: The property name Filename in mm is invalid.
Line 250: The property name InvokeURLs in mm is invalid.
Line 251: The property name Language in mm is invalid.
Line 252: The property name Mute in mm is invalid.
Line 253: The property name PlayCount in mm is invalid.
Line 254: The property name PreviewMode in mm is invalid.
Line 255: The property name Rate in mm is invalid.
Line 256: The property name SAMILang in mm is invalid.
Line 257: The property name SAMIStyle in mm is invalid.
Line 258: The property name SAMIFileName in mm is invalid.
Line 259: The property name SelectionStart in mm is invalid.
Line 260: The property name SelectionEnd in mm is invalid.
Line 261: The property name SendOpenStateChangeEvents in mm is invalid.
Line 262: The property name SendWarningEvents in mm is invalid.
Line 263: The property name SendErrorEvents in mm is invalid.
Line 264: The property name SendKeyboardEvents in mm is invalid.
Line 265: The property name SendMouseClickEvents in mm is invalid.
Line 266: The property name SendMouseMoveEvents in mm is invalid.
Line 267: The property name SendPlayStateChangeEvents in mm is invalid.
Line 268: The property name ShowCaptioning in mm is invalid.
Line 269: The property name ShowControls in mm is invalid.
Line 270: The property name ShowAudioControls in mm is invalid.
Line 271: The property name ShowDisplay in mm is invalid.
Line 272: The property name ShowGotoBar in mm is invalid.
Line 273: The property name ShowPositionControls in mm is invalid.
Line 274: The property name ShowStatusBar in mm is invalid.
Line 275: The property name ShowTracker in mm is invalid.
Line 276: The property name TransparentAtStart in mm is invalid.
Line 277: The property name VideoBorderWidth in mm is invalid.
Line 278: The property name VideoBorderColor in mm is invalid.
Line 279: The property name VideoBorder3D in mm is invalid.
Line 280: The property name Volume in mm is invalid.
Line 281: The property name WindowlessVideo in mm is invalid.
Line 224: The property name AudioStream in mm is invalid.
Line 226: The property name AutoStart in mm is invalid.
Line 227: The property name AnimationAtStart in mm is invalid.
Line 228: The property name AllowScan in mm is invalid.
Line 229: The property name AllowChangeDisplaySize in mm is invalid.
Line 230: The property name AutoRewind in mm is invalid.
Line 231: The property name Balance in mm is invalid.
Line 232: The property name BaseURL in mm is invalid.
Line 233: The property name BufferingTime in mm is invalid.
Line 234: The property name CaptioningID in mm is invalid.
Line 235: The property name ClickToPlay in mm is invalid.
Line 236: The property name CursorType in mm is invalid.
Line 237: The property name CurrentPosition in mm is invalid.
Line 238: The property name CurrentMarker in mm is invalid.
Line 239: The property name DefaultFrame in mm is invalid.
Line 240: The property name DisplayBackColor in mm is invalid.
Line 241: The property name DisplayForeColor in mm is invalid.
Line 242: The property name DisplayMode in mm is invalid.
Line 243: The property name DisplaySize in mm is invalid.
Line 245: The property name EnableContextMenu in mm is invalid.
Line 246: The property name EnablePositionControls in mm is invalid.
Line 247: The property name EnableFullScreenControls in mm is invalid.
Line 248: The property name EnableTracker in mm is invalid.
Line 249: The property name Filename in mm is invalid.
Line 250: The property name InvokeURLs in mm is invalid.
Line 251: The property name Language in mm is invalid.
Line 252: The property name Mute in mm is invalid.
Line 253: The property name PlayCount in mm is invalid.
Line 254: The property name PreviewMode in mm is invalid.
Line 255: The property name Rate in mm is invalid.
Line 256: The property name SAMILang in mm is invalid.
Line 257: The property name SAMIStyle in mm is invalid.
Line 258: The property name SAMIFileName in mm is invalid.
Line 259: The property name SelectionStart in mm is invalid.
Line 260: The property name SelectionEnd in mm is invalid.
Line 261: The property name SendOpenStateChangeEvents in mm is invalid.
Line 262: The property name SendWarningEvents in mm is invalid.
Line 263: The property name SendErrorEvents in mm is invalid.
Line 264: The property name SendKeyboardEvents in mm is invalid.
Line 265: The property name SendMouseClickEvents in mm is invalid.
Line 266: The property name SendMouseMoveEvents in mm is invalid.
Line 267: The property name SendPlayStateChangeEvents in mm is invalid.
Line 268: The property name ShowCaptioning in mm is invalid.
Line 269: The property name ShowControls in mm is invalid.
Line 270: The property name ShowAudioControls in mm is invalid.
Line 271: The property name ShowDisplay in mm is invalid.
Line 272: The property name ShowGotoBar in mm is invalid.
Line 273: The property name ShowPositionControls in mm is invalid.
Line 274: The property name ShowStatusBar in mm is invalid.
Line 275: The property name ShowTracker in mm is invalid.
Line 276: The property name TransparentAtStart in mm is invalid.
Line 277: The property name VideoBorderWidth in mm is invalid.
Line 278: The property name VideoBorderColor in mm is invalid.
Line 279: The property name VideoBorder3D in mm is invalid.
Line 280: The property name Volume in mm is invalid.
Line 281: The property name WindowlessVideo in mm is invalid.
Line 224: The property name AudioStream in mm is invalid.
Line 226: The property name AutoStart in mm is invalid.
Line 227: The property name AnimationAtStart in mm is invalid.
Line 228: The property name AllowScan in mm is invalid.
Line 229: The property name AllowChangeDisplaySize in mm is invalid.
Line 230: The property name AutoRewind in mm is invalid.
Line 231: The property name Balance in mm is invalid.
Line 232: The property name BaseURL in mm is invalid.
Line 233: The property name BufferingTime in mm is invalid.
Line 234: The property name CaptioningID in mm is invalid.
Line 235: The property name ClickToPlay in mm is invalid.
Line 236: The property name CursorType in mm is invalid.
Line 237: The property name CurrentPosition in mm is invalid.
Line 238: The property name CurrentMarker in mm is invalid.
Line 239: The property name DefaultFrame in mm is invalid.
Line 240: The property name DisplayBackColor in mm is invalid.
Line 241: The property name DisplayForeColor in mm is invalid.
Line 242: The property name DisplayMode in mm is invalid.
Line 243: The property name DisplaySize in mm is invalid.
Line 245: The property name EnableContextMenu in mm is invalid.
Line 246: The property name EnablePositionControls in mm is invalid.
Line 247: The property name EnableFullScreenControls in mm is invalid.
Line 248: The property name EnableTracker in mm is invalid.
Line 249: The property name Filename in mm is invalid.
Line 250: The property name InvokeURLs in mm is invalid.
Line 251: The property name Language in mm is invalid.
Line 252: The property name Mute in mm is invalid.
Line 253: The property name PlayCount in mm is invalid.
Line 254: The property name PreviewMode in mm is invalid.
Line 255: The property name Rate in mm is invalid.
Line 256: The property name SAMILang in mm is invalid.
Line 257: The property name SAMIStyle in mm is invalid.
Line 258: The property name SAMIFileName in mm is invalid.
Line 259: The property name SelectionStart in mm is invalid.
Line 260: The property name SelectionEnd in mm is invalid.
Line 261: The property name SendOpenStateChangeEvents in mm is invalid.
Line 262: The property name SendWarningEvents in mm is invalid.
Line 263: The property name SendErrorEvents in mm is invalid.
Line 264: The property name SendKeyboardEvents in mm is invalid.
Line 265: The property name SendMouseClickEvents in mm is invalid.
Line 266: The property name SendMouseMoveEvents in mm is invalid.
Line 267: The property name SendPlayStateChangeEvents in mm is invalid.
Line 268: The property name ShowCaptioning in mm is invalid.
Line 269: The property name ShowControls in mm is invalid.
Line 270: The property name ShowAudioControls in mm is invalid.
Line 271: The property name ShowDisplay in mm is invalid.
Line 272: The property name ShowGotoBar in mm is invalid.
Line 273: The property name ShowPositionControls in mm is invalid.
Line 274: The property name ShowStatusBar in mm is invalid.
Line 275: The property name ShowTracker in mm is invalid.
Line 276: The property name TransparentAtStart in mm is invalid.
Line 277: The property name VideoBorderWidth in mm is invalid.
Line 278: The property name VideoBorderColor in mm is invalid.
Line 279: The property name VideoBorder3D in mm is invalid.
Line 280: The property name Volume in mm is invalid.
Line 281: The property name WindowlessVideo in mm is invalid.
Line 224: The property name AudioStream in mm is invalid.
Line 226: The property name AutoStart in mm is invalid.
Line 227: The property name AnimationAtStart in mm is invalid.
Line 228: The property name AllowScan in mm is invalid.
Line 229: The property name AllowChangeDisplaySize in mm is invalid.
Line 230: The property name AutoRewind in mm is invalid.
Line 231: The property name Balance in mm is invalid.
Line 232: The property name BaseURL in mm is invalid.
Line 233: The property name BufferingTime in mm is invalid.
Line 234: The property name CaptioningID in mm is invalid.
Line 235: The property name ClickToPlay in mm is invalid.
Line 236: The property name CursorType in mm is invalid.
Line 237: The property name CurrentPosition in mm is invalid.
Line 238: The property name CurrentMarker in mm is invalid.
Line 239: The property name DefaultFrame in mm is invalid.
Line 240: The property name DisplayBackColor in mm is invalid.
Line 241: The property name DisplayForeColor in mm is invalid.
Line 242: The property name DisplayMode in mm is invalid.
Line 243: The property name DisplaySize in mm is invalid.
Line 245: The property name EnableContextMenu in mm is invalid.
Line 246: The property name EnablePositionControls in mm is invalid.
Line 247: The property name EnableFullScreenControls in mm is invalid.
Line 248: The property name EnableTracker in mm is invalid.
Line 249: The property name Filename in mm is invalid.
Line 250: The property name InvokeURLs in mm is invalid.
Line 251: The property name Language in mm is invalid.
Line 252: The property name Mute in mm is invalid.
Line 253: The property name PlayCount in mm is invalid.
Line 254: The property name PreviewMode in mm is invalid.
Line 255: The property name Rate in mm is invalid.
Line 256: The property name SAMILang in mm is invalid.
Line 257: The property name SAMIStyle in mm is invalid.
Line 258: The property name SAMIFileName in mm is invalid.
Line 259: The property name SelectionStart in mm is invalid.
Line 260: The property name SelectionEnd in mm is invalid.
Line 261: The property name SendOpenStateChangeEvents in mm is invalid.
Line 262: The property name SendWarningEvents in mm is invalid.
Line 263: The property name SendErrorEvents in mm is invalid.
Line 264: The property name SendKeyboardEvents in mm is invalid.
Line 265: The property name SendMouseClickEvents in mm is invalid.
Line 266: The property name SendMouseMoveEvents in mm is invalid.
Line 267: The property name SendPlayStateChangeEvents in mm is invalid.
Line 268: The property name ShowCaptioning in mm is invalid.
Line 269: The property name ShowControls in mm is invalid.
Line 270: The property name ShowAudioControls in mm is invalid.
Line 271: The property name ShowDisplay in mm is invalid.
Line 272: The property name ShowGotoBar in mm is invalid.
Line 273: The property name ShowPositionControls in mm is invalid.
Line 274: The property name ShowStatusBar in mm is invalid.
Line 275: The property name ShowTracker in mm is invalid.
Line 276: The property name TransparentAtStart in mm is invalid.
Line 277: The property name VideoBorderWidth in mm is invalid.
Line 278: The property name VideoBorderColor in mm is invalid.
Line 279: The property name VideoBorder3D in mm is invalid.
Line 280: The property name Volume in mm is invalid.
Line 281: The property name WindowlessVideo in mm is invalid.
